\BOOKMARK [0][-]{chapter*.1}{\376\377\000\326\000z\000e\000t}{}% 1
\BOOKMARK [0][-]{chapter*.7}{\376\377\000K\000u\000l\000l\000a\000n\001\061\000l\000a\000n\000\040\000N\000o\000t\000a\000s\000y\000o\000n\000l\000a\000r}{}% 2
\BOOKMARK [0][-]{chapter.1}{\376\377\000L\000e\000g\000e\000n\000d\000r\000e\000\040\000P\000o\000l\000i\000n\000o\000m\000l\000a\000r\001\061}{}% 3
\BOOKMARK [1][-]{section.1.1}{\376\377\000G\000i\000r\000i\001\137}{chapter.1}% 4
\BOOKMARK [1][-]{section.1.2}{\376\377\000T\000a\000r\000i\000h\000\347\000e\000s\000i\000\040\000v\000e\000\040\000M\000o\000t\000i\000v\000a\000s\000y\000o\000n\000u}{chapter.1}% 5
\BOOKMARK [1][-]{section.1.3}{\376\377\000L\000e\000g\000e\000n\000d\000r\000e\000\040\000P\000o\000l\000i\000n\000o\000m\000l\000a\000r\001\061\000n\001\061\000n\000\040\000O\000r\000t\000a\000y\000a\000\040\000\307\001\061\000k\001\061\001\137\001\061}{chapter.1}% 6
\BOOKMARK [2][-]{subsection.1.3.1}{\376\377\000L\000e\000g\000e\000n\000d\000r\000e\000'\000d\000e\000n\000\040\000S\000o\000n\000r\000a}{section.1.3}% 7
\BOOKMARK [1][-]{section.1.4}{\376\377\000E\000k\000\040\000O\000k\000u\000m\000a\000\040\000v\000e\000\040\000T\000e\000o\000r\000i\000k\000\040\000A\000r\000k\000a\000p\000l\000a\000n}{chapter.1}% 8
\BOOKMARK [2][-]{subsection.1.4.1}{\376\377\000D\000i\000f\000e\000r\000a\000n\000s\000i\000y\000e\000l\000\040\000D\000e\000n\000k\000l\000e\000m\000\040\000K\000\366\000k\000e\000n\000i\000\040\000v\000e\000\040\000S\000t\000u\000r\000m\040\023\000L\000i\000o\000u\000v\000i\000l\000l\000e}{section.1.4}% 9
\BOOKMARK [2][-]{subsection.1.4.2}{\376\377\000G\000r\000a\000m\040\023\000S\000c\000h\000m\000i\000d\000t\000\040\000O\000r\000t\000o\000g\000o\000n\000a\000l\000l\000e\001\137\000t\000i\000r\000m\000e\000s\000i}{section.1.4}% 10
\BOOKMARK [2][-]{subsection.1.4.3}{\376\377\000D\000i\001\037\000e\000r\000\040\000O\000r\000t\000o\000g\000o\000n\000a\000l\000\040\000P\000o\000l\000i\000n\000o\000m\000\040\000A\000i\000l\000e\000l\000e\000r\000i\000\040\000v\000e\000\040\000A\001\037\001\061\000r\000l\001\061\000k\000\040\000F\000o\000n\000k\000s\000i\000y\000o\000n\000u}{section.1.4}% 11
\BOOKMARK [2][-]{subsection.1.4.4}{\376\377\000N\000e\000d\000e\000n\000\040\000L\000e\000g\000e\000n\000d\000r\000e\000?}{section.1.4}% 12
\BOOKMARK [1][-]{section.1.5}{\376\377\000K\000\374\000r\000e\000s\000e\000l\000\040\000H\000a\000r\000m\000o\000n\000i\000k\000l\000e\000r}{chapter.1}% 13
\BOOKMARK [2][-]{subsection.1.5.1}{\376\377\000L\000a\000p\000l\000a\000c\000e\000\040\000D\000e\000n\000k\000l\000e\000m\000i\000\040\000v\000e\000\040\000K\000\374\000r\000e\000s\000e\000l\000\040\000H\000a\000r\000m\000o\000n\000i\000k\000\040\000B\000a\000z\001\061}{section.1.5}% 14
\BOOKMARK [2][-]{subsection.1.5.2}{\376\377\000R\000e\000k\000\374\000r\000a\000n\000s\000\040\000B\000a\001\037\001\061\000n\000t\001\061\000l\000a\000r\001\061\000\040\000i\000l\000e\000\040\000P\000o\000l\000i\000n\000o\000m}{section.1.5}% 15
\BOOKMARK [2][-]{subsection.1.5.3}{\376\377\000\040\000A\000\347\001\061\000s\001\061\000\040\000v\000e\000\040\000A\000d\000d\000i\000t\000i\000o\000n\000\040\000T\000h\000e\000o\000r\000e\000m}{section.1.5}% 16
\BOOKMARK [2][-]{subsection.1.5.4}{\376\377\000K\000a\000t\000s\000a\000y\001\061\000l\000a\000r\001\061\000n\000\040\000N\000o\000r\000m\000a\000l\000i\000z\000a\000s\000y\000o\000n\000u}{section.1.5}% 17
\BOOKMARK [0][-]{chapter.2}{\376\377\000D\000\374\000n\000y\000a\000\040\000Y\000e\000r\000\347\000e\000k\000i\000m\000i\000\040\000M\000o\000d\000e\000l\000i}{}% 18
\BOOKMARK [1][-]{section.2.1}{\376\377\000D\000\374\000n\000y\000a\000\040\000K\000\374\000r\000e\000\040\000D\000e\001\037\000i\000l}{chapter.2}% 19
\BOOKMARK [1][-]{section.2.2}{\376\377\000H\000a\000r\000m\000o\000n\000i\000k\000\040\000S\001\061\000n\001\061\000f\000l\000a\000r\001\061}{chapter.2}% 20
\BOOKMARK [2][-]{subsection.2.2.1}{\376\377\000Z\000o\000n\000a\000l\000\040\000H\000a\000r\000m\000o\000n\000i\000k\000l\000e\000r\000\040\000\050\000m\000=\0000\000\051}{section.2.2}% 21
\BOOKMARK [2][-]{subsection.2.2.2}{\376\377\000S\000e\000c\000t\000o\000r\000a\000l\000\040\000H\000a\000r\000m\000o\000n\000i\000k\000l\000e\000r\000\040\000\050\000m\000=\000\051}{section.2.2}% 22
\BOOKMARK [2][-]{subsection.2.2.3}{\376\377\000T\000e\000s\000s\000e\000r\000a\000l\000\040\000H\000a\000r\000m\000o\000n\000i\000k\000l\000e\000r\000\040\000\050\0000\000<\000m\000<\000\051}{section.2.2}% 23
\BOOKMARK [1][-]{section.2.3}{\376\377\000J\000\137\000l\000\040\000T\000e\000r\000i\000m\000l\000e\000r\000i\000\040\000v\000e\000\040\000E\000t\000k\000i\000l\000e\000r\000i}{chapter.2}% 24
\BOOKMARK [2][-]{subsection.2.3.1}{\376\377\000J\000\137\000l\000\040\000i\000l\000e\000\040\000C\000\137\000b\000a\000r\000\137\000\173\000l\000,\0000\000\175\000\040\001\060\000l\000i\001\137\000k\000i\000s\000i}{section.2.3}% 25
\BOOKMARK [2][-]{subsection.2.3.2}{\376\377\000J\0002\000:\000\040\000B\000a\000s\001\061\000k\000l\001\061\000k\000\040\000\050\000O\000b\000l\000a\000t\000e\000n\000e\000s\000s\000\051}{section.2.3}% 26
\BOOKMARK [2][-]{subsection.2.3.3}{\376\377\000G\000a\000u\000s\000s\000\040\000D\000e\001\037\000i\001\137\000i\000m\000\040\000D\000e\000n\000k\000l\000e\000m\000l\000e\000r\000i\000\040\000\050\000G\000V\000E\000\051}{section.2.3}% 27
\BOOKMARK [2][-]{subsection.2.3.4}{\376\377\000L\000a\000g\000r\000a\000n\000g\000e\000\040\000G\000e\000z\000e\000g\000e\000n\000\040\000D\000e\000n\000k\000l\000e\000m\000l\000e\000r\000i\000\040\000\050\000L\000P\000E\000\051}{section.2.3}% 28
\BOOKMARK [2][-]{subsection.2.3.5}{\376\377\000J\0003\000,\000\040\000J\0004\000\040\000v\000e\000\040\000D\000a\000h\000a\000\040\000Y\000\374\000k\000s\000e\000k\000\040\000Z\000o\000n\000a\000l\000\040\000T\000e\000r\000i\000m\000l\000e\000r}{section.2.3}% 29
\BOOKMARK [1][-]{section.2.4}{\376\377\000\326\000z\000e\000l\000\040\000Y\000\366\000r\000\374\000n\000g\000e\000l\000e\000r}{chapter.2}% 30
\BOOKMARK [1][-]{section.2.5}{\376\377\000P\000o\000t\000a\000n\000s\000i\000y\000e\000l\000\040\000\326\000l\000\347\000\374\000m\000l\000e\000r\000i\000\040\000v\000e\000\040\000T\000a\000r\000i\000h\000\347\000e\000s\000i}{chapter.2}% 31
\BOOKMARK [2][-]{subsection.2.5.1}{\376\377\000D\000\374\000n\000y\000a\000\040\000Y\000e\000r\000\347\000e\000k\000i\000m\000i\000\040\000M\000o\000d\000e\000l\000l\000e\000r\000i\000n\000i\000n\000\040\000T\000a\000r\000i\000h\000\347\000e\000s\000i}{section.2.5}% 32
\BOOKMARK [1][-]{section.2.6}{\376\377\000,\000m\000,\000,\000m\000\040\000k\000a\000t\000s\000a\000y\001\061\000l\000a\000r\001\061\000\040\000n\000a\000s\001\061\000l\000\040\000k\000e\000s\000t\000i\000r\000i\000l\000i\000r\000?}{chapter.2}% 33
\BOOKMARK [2][-]{subsection.2.6.1}{\376\377\000\326\000l\000\347\000\374\000m\000\040\000Y\000\366\000n\000t\000e\000m\000l\000e\000r\000i}{section.2.6}% 34
\BOOKMARK [2][-]{subsection.2.6.2}{\376\377\000S\000a\000y\001\061\000s\000a\000l\000\040\000H\000e\000s\000a\000p\000l\000a\000m\000a\000\040\000Y\000\366\000n\000t\000e\000m\000i}{section.2.6}% 35
\BOOKMARK [1][-]{section.2.7}{\376\377\000D\000i\000n\000a\000m\000i\000k\000\040\000Y\000e\000r\000\347\000e\000k\000i\000m\000i\000\040\000B\000o\000z\000u\000n\000u\000m\000l\000a\000r\001\061}{chapter.2}% 36
\BOOKMARK [0][-]{chapter.3}{\376\377\000A\000y\000\040\000Y\000e\000r\000\347\000e\000k\000i\000m\000i\000\040\000M\000o\000d\000e\000l\000l\000e\000r\000i\000\040\000v\000e\000\040\000M\000a\000s\000c\000o\000n\000\040\000Y\000a\000k\000l\000a\001\137\001\061\000m\001\061}{}% 37
\BOOKMARK [1][-]{section.3.1}{\376\377\000G\000i\000r\000i\001\137}{chapter.3}% 38
\BOOKMARK [1][-]{section.3.2}{\376\377\000A\000y\000\040\000M\000o\000d\000e\000l\000l\000e\000r\000i\000n\000i\000n\000\040\000T\000a\000r\000i\000h\000\347\000e\000s\000i}{chapter.3}% 39
\BOOKMARK [1][-]{section.3.3}{\376\377\000A\000y\000\040\000T\000o\000p\000o\001\037\000r\000a\000f\000y\000a\000s\001\061\000\040\000v\000e\000\040\000K\000a\000b\000u\000k\000\040\000J\000e\000o\000f\000i\000z\000i\001\037\000i}{chapter.3}% 40
\BOOKMARK [2][-]{subsection.3.3.1}{\376\377\000Y\000e\000r\000\347\000e\000k\000i\000m\000i\000\040\000v\000e\000\040\000T\000o\000p\000o\001\037\000r\000a\000f\000y\000a\000\040\000K\000o\000r\000e\000l\000a\000s\000y\000o\000n\000u}{section.3.3}% 41
\BOOKMARK [2][-]{subsection.3.3.2}{\376\377\000K\000\374\000t\000l\000e\000\040\000K\000o\000n\000s\000a\000n\000t\000r\000a\000s\000y\000o\000n\000l\000a\000r\001\061\000\040\000\050\000M\000a\000s\000c\000o\000n\000l\000a\000r\000\051}{section.3.3}% 42
\BOOKMARK [2][-]{subsection.3.3.3}{\376\377\000S\000a\000y\001\061\000s\000a\000l\000\040\000P\000a\000r\000a\000m\000e\000t\000r\000e\000l\000e\000r\000\040\000v\000e\000\040\000K\000a\000b\000u\000k\000\040\000D\000i\000n\000a\000m\000i\001\037\000i}{section.3.3}% 43
\BOOKMARK [1][-]{section.3.4}{\376\377\000A\000y\000\040\000Y\000\374\000z\000e\000y\000\040\000M\000o\000r\000f\000o\000l\000o\000j\000i\000s\000i\000n\000i\000n\000\040\000K\000a\000r\000a\000k\000t\000e\000r\000i\000s\000t\000i\000k\000l\000e\000r\000i}{chapter.3}% 44
\BOOKMARK [1][-]{section.3.5}{\376\377\000M\000a\000s\000c\000o\000n\000\040\000N\000e\000d\000i\000r\000?}{chapter.3}% 45
\BOOKMARK [2][-]{subsection.3.5.1}{\376\377\000A\000y\000\040\000Y\000e\000r\000\347\000e\000k\000i\000m\000i\000\040\000M\000o\000d\000e\000l\000l\000e\000m\000e\000s\000i\000n\000d\000e\000\040\000M\000a\000s\000c\000o\000n\000\040\000Y\000a\000k\000l\000a\001\137\001\061\000m\001\061}{section.3.5}% 46
\BOOKMARK [1][-]{section.3.6}{\376\377\000A\000y\000d\000a\000\040\000F\000r\000o\000z\000e\000n\000\040\000Y\000\366\000r\000\374\000n\000g\000e\000l\000e\000r}{chapter.3}% 47
\BOOKMARK [2][-]{subsection.3.6.1}{\376\377\000K\000l\000a\000s\000i\000k\000\040\000A\000n\000a\000l\000i\000t\000i\000k\000\040\000Y\000a\000k\000l\000a\001\137\001\061\000m\001\061\000n\000\040\000\050\000S\000e\000k\000\374\000l\000e\000r\000\051\000\040\000D\000o\000n\000m\000a\000\040\000K\000o\001\137\000u\000l\000l\000a\000r\001\061}{section.3.6}% 48
\BOOKMARK [0][-]{chapter.4}{\376\377\000S\000a\000y\001\061\000s\000a\000l\000\040\000H\000e\000s\000a\000p\000l\000a\000m\000a\000\040\000v\000e\000\040\000S\000i\000m\000\374\000l\000a\000s\000y\000o\000n}{}% 49
\BOOKMARK [1][-]{section.4.1}{\376\377\000G\000i\000r\000i\001\137}{chapter.4}% 50
\BOOKMARK [1][-]{section.4.2}{\376\377\000C\000o\000w\000e\000l\000l\000\040\000Y\000\366\000n\000t\000e\000m\000i\000:\000\040\000D\000o\001\037\000r\000u\000d\000a\000n\000\040\000S\000a\000y\001\061\000s\000a\000l\000\040\000E\000n\000t\000e\000g\000r\000a\000s\000y\000o\000n}{chapter.4}% 51
\BOOKMARK [2][-]{subsection.4.2.1}{\376\377\000A\000l\000t\000e\000r\000n\000a\000t\000i\000f\000\040\000B\000i\000r\000\040\000Y\000a\000k\000l\000a\001\137\001\061\000m\000:\000\040\000E\000n\000c\000k\000e\000\040\000Y\000\366\000n\000t\000e\000m\000i}{section.4.2}% 52
\BOOKMARK [2][-]{subsection.4.2.2}{\376\377\000C\000o\000w\000e\000l\000l\000\040\000Y\000\366\000n\000t\000e\000m\000i\000n\000i\000n\000\040\000M\000a\000t\000e\000m\000a\000t\000i\000k\000s\000e\000l\000\040\000F\000o\000r\000m\000\374\000l\000a\000s\000y\000o\000n\000u}{section.4.2}% 53
\BOOKMARK [1][-]{section.4.3}{\376\377\000R\000e\000f\000e\000r\000a\000n\000s\000\040\000\307\000e\000r\000\347\000e\000v\000e\000s\000i\000\040\000D\000\366\000n\000\374\001\137\000\374\000m\000l\000e\000r\000i\000\040\000v\000e\000\040\000Z\000a\000m\000a\000n\000\040\000\326\000l\000\347\000e\000k\000l\000e\000r\000i}{chapter.4}% 54
\BOOKMARK [2][-]{subsection.4.3.1}{\376\377\000E\000y\000l\000e\000m\000s\000i\000z\000\040\000v\000e\000\040\000B\000o\000d\000y\000-\000F\000i\000x\000e\000d\000\040\000\307\000e\000r\000\347\000e\000v\000e\000l\000e\000r}{section.4.3}% 55
\BOOKMARK [2][-]{subsection.4.3.2}{\376\377\000Z\000a\000m\000a\000n\000\040\000\366\000l\000\347\000e\000k\000l\000e\000r\000i\000:\000\040\000a\000y\000n\001\061\000\040\000t\000\040\000i\000l\000e\000\040\000h\000e\000r\000\040\001\137\000e\000y\000i\000\040\000t\000u\000t\000a\000r\000l\001\061\000\040\000y\000a\000p\000m\000a\000k}{section.4.3}% 56
\BOOKMARK [2][-]{subsection.4.3.3}{\376\377\000D\000\366\000n\000\374\001\137\000\374\000m\000\040\000m\000a\000t\000r\000i\000s\000i\000\040\000C\000B\000I\000\050\000t\000\051\000\040\000n\000a\000s\001\061\000l\000\040\000\374\000r\000e\000t\000i\000l\000i\000r\000?}{section.4.3}% 57
\BOOKMARK [2][-]{subsection.4.3.4}{\376\377\000A\000s\000f\000e\000r\000i\000k\000\040\000i\000v\000m\000e\000n\000i\000n\000\040\000d\000o\001\037\000r\000u\000\040\000f\000a\000z\000d\000a\000\040\000h\000e\000s\000a\000p\000l\000a\000n\000m\000a\000s\001\061}{section.4.3}% 58
\BOOKMARK [1][-]{section.4.4}{\376\377\000B\000o\000z\000u\000c\000u\000\040\000i\000v\000m\000e\000n\000i\000n\000\040\000u\000y\000g\000u\000n\000\040\000f\000o\000r\000m\000a\000\040\000g\000e\000t\000i\000r\000i\000l\000m\000e\000s\000i}{chapter.4}% 59
\BOOKMARK [2][-]{subsection.4.4.1}{\376\377\000C\000o\000w\000e\000l\000l\000\040\000i\000\347\000i\000n\000:\000\040\000K\000a\000r\000t\000e\000z\000y\000e\000n\000\040\000i\000v\000m\000e\000\040\000v\000e\000k\000t\000\366\000r\000\374}{section.4.4}% 60
\BOOKMARK [2][-]{subsection.4.4.2}{\376\377\000G\000a\000u\000s\000s\000\040\000i\000\347\000i\000n\000:\000\040\000R\000T\000N\000\040\000b\000i\000r\000i\000m\000\040\000v\000e\000k\000t\000\366\000r\000l\000e\000r\000i\000\040\000v\000e\000\040\000p\000r\000o\000j\000e\000k\000s\000i\000y\000o\000n}{section.4.4}% 61
\BOOKMARK [2][-]{subsection.4.4.3}{\376\377\000\326\000z\000e\000t\000\040\000a\000l\000g\000o\000r\000i\000t\000m\000a\000:\000\040\000S\000H\000\040\000i\000v\000m\000e\000d\000e\000n\000\040\000C\000o\000w\000e\000l\000l\000\040\000v\000e\000\040\000G\000a\000u\000s\000s\040\031\000a}{section.4.4}% 62
\BOOKMARK [2][-]{subsection.4.4.4}{\376\377\000U\000y\000g\000u\000l\000a\000m\000a\000d\000a\000\040\000D\000i\000k\000k\000a\000t\000\040\000E\000d\000i\000l\000m\000e\000s\000i\000\040\000G\000e\000r\000e\000k\000e\000n\000\040\000H\000u\000s\000u\000s\000l\000a\000r}{section.4.4}% 63
\BOOKMARK [1][-]{section.4.5}{\376\377\000S\000a\000y\001\061\000s\000a\000l\000\040\000E\000n\000t\000e\000g\000r\000a\000t\000\366\000r\000\040\000S\000e\000\347\000i\000m\000i\000\040\000v\000e\000\040\000A\000l\000g\000o\000r\000i\000t\000m\000a\000l\000a\000r}{chapter.4}% 64
\BOOKMARK [2][-]{subsection.4.5.1}{\376\377\000G\000e\000l\000e\000n\000e\000k\000s\000e\000l\000\040\000\050\000S\000a\000b\000i\000t\000\040\000A\000d\001\061\000m\000l\001\061\000\051\000\040\000Y\000\366\000n\000t\000e\000m\000l\000e\000r}{section.4.5}% 65
\BOOKMARK [2][-]{subsection.4.5.2}{\376\377\000D\000e\001\037\000i\001\137\000k\000e\000n\000\040\000A\000d\001\061\000m\000l\001\061\000\040\000\050\000A\000d\000a\000p\000t\000i\000f\000\051\000\040\000Y\000\366\000n\000t\000e\000m\000l\000e\000r\000\040\000v\000e\000\040\000R\000K\0004\0005\000\040\000S\001\061\000n\001\061\000f\001\061}{section.4.5}% 66
\BOOKMARK [2][-]{subsection.4.5.3}{\376\377\000Y\000\374\000k\000s\000e\000k\000\040\000H\000a\000s\000s\000a\000s\000i\000y\000e\000t\000:\000\040\000D\000O\000P\0008\0005\0003\000\040\000\050\000D\000o\000r\000m\000a\000n\000d\040\023\000P\000r\000i\000n\000c\000e\000,\000\040\0008\000.\000\040\000M\000e\000r\000t\000e\000b\000e\000\051}{section.4.5}% 67
\BOOKMARK [2][-]{subsection.4.5.4}{\376\377\000U\000z\000u\000n\000\040\000S\000\374\000r\000e\000l\000i\000\040\000K\000a\000r\000a\000r\000l\001\061\000l\001\061\000k\000:\000\040\000S\000i\000m\000p\000l\000e\000k\000t\000i\000k\000\040\000\050\000S\000y\000m\000p\000l\000e\000c\000t\000i\000c\000\051\000\040\000E\000n\000t\000e\000g\000r\000a\000t\000\366\000r\000l\000e\000r}{section.4.5}% 68
\BOOKMARK [2][-]{subsection.4.5.5}{\376\377\000A\000d\001\061\000m\000-\000b\000o\000y\000u\000\040\000v\000e\000\040\000N\000y\000q\000u\000i\000s\000t\000\040\000\326\000l\000\347\000\374\000t\000\374}{section.4.5}% 69
\BOOKMARK [2][-]{subsection.4.5.6}{\376\377\000S\000e\000n\000a\000r\000y\000o\000y\000a\000\040\000G\000\366\000r\000e\000\040\000E\000n\000t\000e\000g\000r\000a\000t\000\366\000r\000\040\000S\000e\000\347\000i\000m\000i}{section.4.5}% 70
\BOOKMARK [1][-]{section.4.6}{\376\377\000M\000o\000d\000e\000l\000\040\000D\000o\001\037\000r\000u\000l\000a\000m\000a\000\040\000v\000e\000\040\000T\000u\000t\000a\000r\000l\001\061\000l\001\061\000k\000\040\000A\000n\000a\000l\000i\000z\000l\000e\000r\000i}{chapter.4}% 71
\BOOKMARK [2][-]{subsection.4.6.1}{\376\377\000A\000l\000a\000n\000\040\000D\000\374\000z\000e\000y\000i\000\040\000K\000a\000r\001\137\001\061\000l\000a\001\137\000t\001\061\000r\000m\000a\000:\000\040\000P\000o\000t\000a\000n\000s\000i\000y\000e\000l\000\040\000v\000e\000\040\001\060\000v\000m\000e\000\040\000F\000a\000r\000k\000l\000a\000r\001\061}{section.4.6}% 72
\BOOKMARK [2][-]{subsection.4.6.2}{\376\377\000G\000\366\000r\000e\000v\000\040\000D\000\374\000z\000e\000y\000i\000\040\000K\000a\000r\001\137\001\061\000l\000a\001\137\000t\001\061\000r\000m\000a\000:\000\040\000F\000a\000r\000k\000l\000a\000r\001\061\000n\000\040\000B\000i\000r\000i\000k\000i\000m\000i\000\040\000\050\000D\000i\000n\000a\000m\000i\000k\000\040\000D\000o\001\037\000r\000u\000l\000a\000m\000a\000\051}{section.4.6}% 73
\BOOKMARK [2][-]{subsection.4.6.3}{\376\377\000V\000e\000r\000i\000\040\000U\000y\000u\000m\000\040\000\326\000l\000\347\000\374\000t\000l\000e\000r\000i\000\040\000v\000e\000\040\000A\001\137\001\061\000r\001\061\000\040\000U\000y\000u\000m\000\040\000\050\000O\000v\000e\000r\000f\000i\000t\000t\000i\000n\000g\000\051\000\040\000R\000i\000s\000k\000i}{section.4.6}% 74
\BOOKMARK [2][-]{subsection.4.6.4}{\376\377\000\326\000z\000e\000l\000\040\000Y\000\366\000r\000\374\000n\000g\000e\000l\000e\000r\000\040\000\334\000z\000e\000r\000i\000n\000d\000e\000\040\000D\000i\000n\000a\000m\000i\000k\000\040\000D\000o\001\037\000r\000u\000l\000a\000m\000a}{section.4.6}% 75
\BOOKMARK [2][-]{subsection.4.6.5}{\376\377\000M\000a\000t\000e\000m\000a\000t\000i\000k\000s\000e\000l\000\040\000T\000u\000t\000a\000r\000l\001\061\000l\001\061\000k\000\040\000v\000e\000\040\000K\000o\000r\000u\000n\000u\000m\000\040\000K\000o\000n\000t\000r\000o\000l\000l\000e\000r\000i}{section.4.6}% 76
\BOOKMARK [2][-]{subsection.4.6.6}{\376\377\000U\000y\000g\000u\000l\000a\000m\000a\000d\000a\000\040\000\326\000n\000e\000r\000i\000l\000e\000n\000\040\000D\000o\001\037\000r\000u\000l\000a\000m\000a\000\040\000P\000r\000o\000t\000o\000k\000o\000l\000\374}{section.4.6}% 77
\BOOKMARK [2][-]{subsection.4.6.7}{\376\377\000R\000a\000p\000o\000r\000l\000a\000n\000a\000c\000a\000k\000\040\000M\000e\000t\000r\000i\000k\000l\000e\000r\000\040\000v\000e\000\040\000\326\000n\000e\000r\000i\000l\000e\000n\000\040\000T\000a\000b\000l\000o\000\040\001\136\000a\000b\000l\000o\000n\000u}{section.4.6}% 78
\BOOKMARK [1][-]{section.4.7}{\376\377\000G\000\366\000r\000e\000v\000\040\000T\000a\000s\000a\000r\001\061\000m\001\061\000n\000d\000a\000\040\000U\000y\000g\000u\000l\000a\000m\000a\000\040\000A\000k\001\061\001\137\001\061\000\040\000v\000e\000\040\000S\000t\000a\000n\000d\000a\000r\000t\000\040\000P\000r\000o\000s\000e\000d\000\374\000r}{chapter.4}% 79
\BOOKMARK [2][-]{subsection.4.7.1}{\376\377\000A\000d\001\061\000m\000\040\0000\000:\000\040\000G\000i\000r\000d\000i\000\040\000S\000\366\000z\000l\000e\001\137\000m\000e\000s\000i\000\040\000v\000e\000\040\000S\000i\000m\000\374\000l\000a\000s\000y\000o\000n\000\040\000P\000a\000r\000a\000m\000e\000t\000r\000e\000l\000e\000r\000i\000n\000i\000n\000\040\000T\000e\000s\000p\000i\000t\000i}{section.4.7}% 80
\BOOKMARK [2][-]{subsection.4.7.2}{\376\377\000A\000d\001\061\000m\000\040\0001\000:\000\040\000G\000r\000a\000v\000i\000t\000e\000\040\000K\000a\000t\000s\000a\000y\001\061\000l\000a\000r\001\061\000n\001\061\000n\000\040\000Y\000\374\000k\000l\000e\000n\000m\000e\000s\000i\000\040\000v\000e\000\040\000\326\000n\000\040\000K\000o\000n\000t\000r\000o\000l}{section.4.7}% 81
\BOOKMARK [2][-]{subsection.4.7.3}{\376\377\000A\000d\001\061\000m\000\040\0002\000:\000\040\000C\000o\000w\000e\000l\000l\000\040\000P\000r\000o\000p\000a\000g\000a\000s\000y\000o\000n\000u\000\040\000\050\000A\000n\000a\000\040\000\307\000a\000l\001\061\001\137\000t\001\061\000r\000m\000a\000\040\000D\000\366\000n\000g\000\374\000s\000\374\000\051}{section.4.7}% 82
\BOOKMARK [2][-]{subsection.4.7.4}{\376\377\000A\000d\001\061\000m\000\040\0003\000:\000\040\000O\000s\000i\000l\000a\000t\000\366\000r\000\040\000E\000l\000e\000m\000a\000n\000\040\000A\000n\000a\000l\000i\000z\000i\000\040\000v\000e\000\040\000\050\000G\000e\000r\000e\000k\000i\000r\000s\000e\000\051\000\040\000G\000V\000E\000\040\000T\000a\000b\000a\000n\000l\001\061\000\040\000T\000\374\000r\000e\000v\000l\000e\000r}{section.4.7}% 83
\BOOKMARK [2][-]{subsection.4.7.5}{\376\377\000A\000d\001\061\000m\000\040\0004\000:\000\040\000D\000o\001\037\000r\000u\000l\000a\000m\000a\000\040\000v\000e\000\040\000K\000a\000r\001\137\001\061\000l\000a\001\137\000t\001\061\000r\000m\000a\000\040\000\050\000V\000\046\000V\000\051}{section.4.7}% 84
\BOOKMARK [2][-]{subsection.4.7.6}{\376\377\000\326\000z\000e\000t\000\040\000U\000y\000g\000u\000l\000a\000m\000a\000\040\000T\000a\000b\000l\000o\000s\000u}{section.4.7}% 85
\BOOKMARK [1][-]{section.4.8}{\376\377\000A\000y\000\040\000Y\000\366\000r\000\374\000n\000g\000e\000\040\000S\000i\000m\000\374\000l\000a\000s\000y\000o\000n\000u\000\040\000v\000e\000\040\000G\000\366\000r\000e\000v\000\040\000T\000a\000s\000a\000r\001\061\000m\001\061\000:\000\040\000U\000y\000g\000u\000l\000a\000m\000a\000\040\000E\000s\000a\000s\000l\000a\000r\001\061}{chapter.4}% 86
\BOOKMARK [2][-]{subsection.4.8.1}{\376\377\000A\000y\000\040\000S\000i\000m\000\374\000l\000a\000s\000y\000o\000n\000u\000\040\001\060\000\347\000i\000n\000\040\000T\000a\000s\000a\000r\001\061\000m\000\040\000A\000k\001\061\001\137\001\061}{section.4.8}% 87
\BOOKMARK [2][-]{subsection.4.8.2}{\376\377\000K\000r\000i\000t\000i\000k\000\040\000D\000i\000k\000k\000a\000t\000\040\000N\000o\000k\000t\000a\000l\000a\000r\001\061\000\040\000v\000e\000\040\000M\000a\000s\000c\000o\000n\000\040\000E\000t\000k\000i\000s\000i}{section.4.8}% 88
\BOOKMARK [2][-]{subsection.4.8.3}{\376\377\000\326\000z\000e\000t\000:\000\040\000A\000y\000\040\000S\000i\000m\000\374\000l\000a\000s\000y\000o\000n\000\040\000K\000o\000n\000t\000r\000o\000l\000\040\000L\000i\000s\000t\000e\000s\000i}{section.4.8}% 89
\BOOKMARK [1][-]{section.4.9}{\376\377\000A\000y\000\040\000G\000\366\000r\000e\000v\000l\000e\000r\000i\000n\000d\000e\000\040\000M\000o\000d\000e\000l\000\040\000D\000e\000r\000e\000c\000e\000s\000i\000\040\000S\000e\000\347\000i\000m\000i}{chapter.4}% 90
\BOOKMARK [2][-]{subsection.4.9.1}{\376\377\000G\000e\000r\000\347\000e\000k\000\040\000U\000\347\000u\001\137\000\040\000V\000e\000r\000i\000s\000i\000\040\000O\000l\000m\000a\000d\000a\000n\000\040\000T\000u\000t\000a\000r\000l\001\061\000l\001\061\000k\000\040\000N\000a\000s\001\061\000l\000\040\000T\000e\000y\000i\000t\000\040\000E\000d\000i\000l\000i\000r\000?}{section.4.9}% 91
\BOOKMARK [2][-]{subsection.4.9.2}{\376\377\000G\000e\000n\000e\000l\000\040\000S\000o\000n\000u\000\347}{section.4.9}% 92
\BOOKMARK [0][-]{chapter.5}{\376\377\000O\000l\000u\001\137\000t\000u\000r\000u\000l\000a\000n\000\040\000S\000i\000m\000\374\000l\000a\000s\000y\000o\000n\000\040\000\307\000e\000r\000\347\000e\000v\000e\000s\000i}{}% 93
\BOOKMARK [1][-]{section.5.1}{\376\377\000P\000r\000o\000j\000e\000\040\000M\000i\000m\000a\000r\000i\000s\000i}{chapter.5}% 94
\BOOKMARK [2][-]{subsection.5.1.1}{\376\377\000M\000o\000d\000\374\000l\000e\000r\000\040\000T\000a\000s\000a\000r\001\061\000m\000\040\001\060\000l\000k\000e\000s\000i}{section.5.1}% 95
\BOOKMARK [2][-]{subsection.5.1.2}{\376\377\000M\000o\000d\000\374\000l\000e\000r\000\040\000M\000i\000m\000a\000r\000i\000\040\000v\000e\000\040\000C\000o\000w\000e\000l\000l\000\040\000F\000o\000r\000m\000\374\000l\000a\000s\000y\000o\000n\000u}{section.5.1}% 96
\BOOKMARK [1][-]{section.5.2}{\376\377\000G\000\374\000n\000c\000e\000l\000\040\000L\000U\000N\000A\000R\000\137\000S\000I\000M\000U\000L\000A\000T\000I\000O\000N\000\040\000U\000y\000g\000u\000l\000a\000m\000a\000\040\000M\000i\000m\000a\000r\000i\000s\000i}{chapter.5}% 97
\BOOKMARK [2][-]{subsection.5.2.1}{\376\377\000G\000\374\000n\000c\000e\000l\000\040\000D\000i\000z\000i\000n\000\040\000T\000o\000p\000o\000l\000o\000j\000i\000s\000i\000\040\000v\000e\000\040\000S\000o\000r\000u\000m\000l\000u\000l\000u\000k\000\040\000A\000y\000r\001\061\000m\001\061}{section.5.2}% 98
\BOOKMARK [2][-]{subsection.5.2.2}{\376\377\000K\000o\000n\000f\000i\000g\000\374\000r\000a\000s\000y\000o\000n\000\040\000A\000k\001\061\001\137\001\061\000\040\000v\000e\000\040\000T\000e\000k\000i\000l\000\040\000D\000o\001\037\000r\000u\000l\000u\000k\000\040\000K\000a\000y\000n\000a\001\037\001\061}{section.5.2}% 99
\BOOKMARK [2][-]{subsection.5.2.3}{\376\377\000F\000i\000z\000i\000k\000s\000e\000l\000\040\000M\000o\000d\000e\000l\000i\000n\000\040\000T\000o\000p\000l\000a\000m\000\040\001\060\000v\000m\000e\000\040\000S\000\366\000z\000l\000e\001\137\000m\000e\000s\000i}{section.5.2}% 100
\BOOKMARK [2][-]{subsection.5.2.4}{\376\377\000Z\000a\000m\000a\000n\000,\000\040\000R\000e\000f\000e\000r\000a\000n\000s\000\040\000\307\000e\000r\000\347\000e\000v\000e\000s\000i\000\040\000v\000e\000\040\000E\000f\000e\000m\000e\000r\000i\000s\000\040\000T\000u\000t\000a\000r\000l\001\061\000l\001\061\001\037\001\061}{section.5.2}% 101
\BOOKMARK [2][-]{subsection.5.2.5}{\376\377\000T\000o\000p\000o\000g\000r\000a\000f\000y\000a\000,\000\040\000\307\000a\000r\000p\001\061\001\137\000m\000a\000\040\000A\000n\000a\000l\000i\000z\000i\000\040\000v\000e\000\040\000Y\000\374\000z\000e\000y\000\040\000\334\000r\000\374\000n\000l\000e\000r\000i}{section.5.2}% 102
\BOOKMARK [2][-]{subsection.5.2.6}{\376\377\000P\000r\000o\000p\000a\000g\000a\000s\000y\000o\000n\000\040\000v\000e\000\040\000S\000a\000y\001\061\000s\000a\000l\000\040\000K\000a\000r\000a\000r\000l\001\061\000l\001\061\000k\000\040\000P\000o\000l\000i\000t\000i\000k\000a\000s\001\061}{section.5.2}% 103
\BOOKMARK [2][-]{subsection.5.2.7}{\376\377\000M\000o\000n\000t\000e\000\040\000C\000a\000r\000l\000o\000\040\000\307\000a\000l\001\061\001\137\000t\001\061\000r\000m\000a\000\040\000A\000k\001\061\001\137\001\061}{section.5.2}% 104
\BOOKMARK [2][-]{subsection.5.2.8}{\376\377\000S\000T\000-\000L\000R\000P\000S\000\040\000V\000e\000k\000i\000l\000\040\000Y\000e\000r\000\347\000e\000k\000i\000m\000i\000\040\001\060\001\137\000\040\000A\000k\001\061\001\137\001\061}{section.5.2}% 105
\BOOKMARK [2][-]{subsection.5.2.9}{\376\377\000\307\001\061\000k\000t\001\061\000l\000a\000r\000,\000\040\000R\000a\000p\000o\000r\000l\000a\000m\000a\000\040\000v\000e\000\040\001\060\000z\000l\000e\000n\000e\000b\000i\000l\000i\000r\000l\000i\000k}{section.5.2}% 106
\BOOKMARK [2][-]{subsection.5.2.10}{\376\377\000T\000a\000s\000a\000r\001\061\000m\000\040\001\060\000l\000k\000e\000l\000e\000r\000i}{section.5.2}% 107
\BOOKMARK [1][-]{section.5.3}{\376\377\000S\000T\000-\000L\000R\000P\000S\000:\000\040\000A\000r\000t\001\061\000k\000\040\000P\000o\000t\000a\000n\000s\000i\000y\000e\000l\000\040\000V\000e\000k\000i\000l\000\040\000M\000o\000d\000e\000l\000i\000n\000i\000n\000\040\000A\000y\000r\001\061\000n\000t\001\061\000l\001\061\000\040\000T\000a\000s\000a\000r\001\061\000m\001\061}{chapter.5}% 108
\BOOKMARK [2][-]{subsection.5.3.1}{\376\377\000N\000e\000d\000e\000n\000\040\000D\000o\001\037\000r\000u\000d\000a\000n\000\040\001\060\000v\000m\000e\000\040\000Y\000e\000r\000i\000n\000e\000\040\000S\000k\000a\000l\000e\000r\000\040\000P\000o\000t\000a\000n\000s\000i\000y\000e\000l\000\040\000\326\001\037\000r\000e\000n\000i\000l\000i\000y\000o\000r\000?}{section.5.3}% 109
\BOOKMARK [2][-]{subsection.5.3.2}{\376\377\000V\000e\000r\000i\000\040\000B\000u\000l\000u\000t\000u\000,\000\040\000D\000e\000r\000e\000c\000e\000\040\000A\000r\000a\000l\001\061\001\037\001\061\000\040\000v\000e\000\040\001\060\000r\000t\000i\000f\000a\000\040\000B\000a\000n\000d\001\061}{section.5.3}% 110
\BOOKMARK [2][-]{subsection.5.3.3}{\376\377\000A\001\037\000\040\000M\000i\000m\000a\000r\000i\000s\000i\000:\000\040\000S\000I\000R\000E\000N\000,\000\040\000M\000L\000P\000\040\000v\000e\000\040\000F\000o\000u\000r\000i\000e\000r\000/\000R\000F\000F\000\040\000S\000e\000\347\000i\000m\000i}{section.5.3}% 111
\BOOKMARK [2][-]{subsection.5.3.4}{\376\377\000M\000i\000m\000a\000r\000i\000\040\000P\000a\000r\000a\000m\000e\000t\000r\000e\000l\000e\000r\000i\000n\000\040\000E\000t\000k\000i\000s\000i}{section.5.3}% 112
\BOOKMARK [2][-]{subsection.5.3.5}{\376\377\000\326\000l\000\347\000e\000k\000l\000e\000m\000e\000\040\000P\000o\000l\000i\000t\000i\000k\000a\000s\001\061}{section.5.3}% 113
\BOOKMARK [2][-]{subsection.5.3.6}{\376\377\000S\000o\000b\000o\000l\000e\000v\000\040\000L\000o\000s\000s\000:\000\040\000N\000e\000d\000e\000n\000\040\000H\000e\000m\000\040\000P\000o\000t\000a\000n\000s\000i\000y\000e\000l\000\040\000H\000e\000m\000\040\001\060\000v\000m\000e\000?}{section.5.3}% 114
\BOOKMARK [2][-]{subsection.5.3.7}{\376\377\000E\000k\000\040\000L\000o\000s\000s\000\040\000B\000i\000l\000e\001\137\000e\000n\000l\000e\000r\000i\000\040\000v\000e\000\040\000N\000e\000d\000e\000n\000l\000e\000r\000i}{section.5.3}% 115
\BOOKMARK [2][-]{subsection.5.3.8}{\376\377\000L\000o\000s\000s\000\040\000P\000a\000r\000a\000m\000e\000t\000r\000e\000l\000e\000r\000i\000n\000i\000n\000\040\000E\000t\000k\000i\000s\000i}{section.5.3}% 116
\BOOKMARK [2][-]{subsection.5.3.9}{\376\377\000O\000p\000t\000i\000m\000i\000z\000a\000s\000y\000o\000n\000,\000\040\000C\000h\000e\000c\000k\000p\000o\000i\000n\000t\000\040\000v\000e\000\040\000D\000e\001\037\000e\000r\000l\000e\000n\000d\000i\000r\000m\000e\000\040\000M\000a\000n\000t\001\061\001\037\001\061}{section.5.3}% 117
\BOOKMARK [2][-]{subsection.5.3.10}{\376\377\000A\000n\000a\000\040\000S\000i\000m\000\374\000l\000a\000s\000y\000o\000n\000a\000\040\000B\000a\001\037\000l\000a\000n\000m\000a}{section.5.3}% 118
\BOOKMARK [1][-]{section.5.4}{\376\377\000C\000O\000R\000E\000\040\000K\000l\000a\000s\000\366\000r\000\374\000:\000\040\000F\000i\000z\000i\000k\000s\000e\000l\000\040\000M\000o\000t\000o\000r\000\040\000v\000e\000\040\000V\000e\000r\000i\000\040\000Y\000\366\000n\000e\000t\000i\000m\000i}{chapter.5}% 119
\BOOKMARK [2][-]{subsection.5.4.1}{\376\377\000Y\000e\000r\000\347\000e\000k\000i\000m\000i\000\040\000M\000o\000d\000e\000l\000i\000:\000\040\000g\000r\000a\000v\000i\000t\000y\000\137\000k\000e\000r\000n\000e\000l\000s\000.\000p\000y}{section.5.4}% 120
\BOOKMARK [2][-]{subsection.5.4.2}{\376\377\000E\000f\000e\000m\000e\000r\000i\000s\000\040\000v\000e\000\040\000Z\000a\000m\000a\000n\000\040\000Y\000\366\000n\000e\000t\000i\000m\000i\000:\000\040\000e\000p\000h\000e\000m\000\137\000m\000a\000n\000a\000g\000e\000r\000.\000p\000y}{section.5.4}% 121
\BOOKMARK [2][-]{subsection.5.4.3}{\376\377\000A\000y\000\040\000T\000o\000p\000o\000g\000r\000a\000f\000y\000a\000\040\000M\000o\000d\000e\000l\000i\000:\000\040\000t\000o\000p\000o\000\137\000m\000a\000n\000a\000g\000e\000r\000.\000p\000y}{section.5.4}% 122
\BOOKMARK [2][-]{subsection.5.4.4}{\376\377\000P\000e\000r\000t\000\374\000r\000b\000a\000s\000y\000o\000n\000\040\000\307\000e\000k\000i\000r\000d\000e\000k\000l\000e\000r\000i\000:\000\040\000p\000e\000r\000t\000u\000r\000b\000a\000t\000i\000o\000n\000\137\000k\000e\000r\000n\000e\000l\000s\000.\000p\000y}{section.5.4}% 123
\BOOKMARK [2][-]{subsection.5.4.5}{\376\377\000D\000i\000n\000a\000m\000i\000k\000\040\000\307\000e\000k\000i\000r\000d\000e\000k\000:\000\040\000d\000y\000n\000a\000m\000i\000c\000s\000\137\000k\000e\000r\000n\000e\000l\000.\000p\000y}{section.5.4}% 124
\BOOKMARK [2][-]{subsection.5.4.6}{\376\377\000Y\000\366\000r\000\374\000n\000g\000e\000\040\000Y\000a\000y\001\061\000l\001\061\000m\001\061\000:\000\040\000p\000r\000o\000p\000a\000g\000a\000t\000o\000r\000.\000p\000y}{section.5.4}% 125
\BOOKMARK [1][-]{section.5.5}{\376\377\000U\000T\000I\000L\000S\000\040\000K\000l\000a\000s\000\366\000r\000\374\000:\000\040\000S\000a\000y\001\061\000s\000a\000l\000\040\000Y\000a\000r\000d\001\061\000m\000c\001\061\000l\000a\000r\000,\000\040\000O\000l\000a\000y\000\040\000Y\000a\000k\000a\000l\000a\000m\000a\000\040\000v\000e\000\040\000R\000a\000p\000o\000r\000l\000a\000m\000a}{chapter.5}% 126
\BOOKMARK [2][-]{subsection.5.5.1}{\376\377\000O\000l\000a\000y\000\040\000\050\000E\000v\000e\000n\000t\000\051\000\040\000Y\000a\000r\000d\001\061\000m\000c\001\061\000l\000a\000r\001\061\000:\000\040\000e\000v\000e\000n\000t\000s\000.\000p\000y}{section.5.5}% 127
\BOOKMARK [2][-]{subsection.5.5.2}{\376\377\000M\000a\000t\000e\000m\000a\000t\000i\000k\000\040\000Y\000a\000r\000d\001\061\000m\000c\001\061\000l\000a\000r\001\061\000:\000\040\000m\000a\000t\000h\000\137\000u\000t\000i\000l\000s\000.\000p\000y}{section.5.5}% 128
\BOOKMARK [2][-]{subsection.5.5.3}{\376\377\000S\000o\000n\000\040\001\060\001\137\000l\000e\000m\000e\000\040\000v\000e\000\040\000A\000n\000a\000l\000i\000z\000:\000\040\000u\000t\000i\000l\000s\000/\000p\000o\000s\000t\000p\000r\000o\000c\000e\000s\000s\000.\000p\000y}{section.5.5}% 129
\BOOKMARK [2][-]{subsection.5.5.4}{\376\377\000G\000\366\000r\000s\000e\000l\000\040\000S\000t\000i\000l\000\040\000v\000e\000\040\000S\000u\000n\000u\000m\000\040\000A\000l\000t\000y\000a\000p\001\061\000s\001\061\000:\000\040\000s\000t\000y\000l\000i\000n\000g\000.\000p\000y}{section.5.5}% 130
\BOOKMARK [2][-]{subsection.5.5.5}{\376\377\000G\000\366\000r\000s\000e\000l\000l\000e\001\137\000t\000i\000r\000m\000e\000\040\000v\000e\000\040\000R\000a\000p\000o\000r\000l\000a\000m\000a\000\040\000M\000o\000d\000\374\000l\000\374\000:\000\040\000p\000l\000o\000t\000t\000i\000n\000g\000.\000p\000y}{section.5.5}% 131
\BOOKMARK [2][-]{subsection.5.5.6}{\376\377\000R\000a\000p\000o\000r\000\040\000\334\000r\000e\000t\000i\000m\000i\000\040\000v\000e\000\040\000\307\001\061\000k\000t\001\061\000\040\000Y\000\366\000n\000e\000t\000i\000m\000i\000:\000\040\000r\000e\000p\000o\000r\000t\000\137\000m\000a\000n\000a\000g\000e\000r\000.\000p\000y}{section.5.5}% 132
\BOOKMARK [2][-]{subsection.5.5.7}{\376\377\000O\000p\000s\000i\000y\000o\000n\000e\000l\000\040\0003\000B\000\040\000Y\000\366\000r\000\374\000n\000g\000e\000\040\000G\000\366\000r\000s\000e\000l\000l\000e\001\137\000t\000i\000r\000m\000e\000s\000i\000:\000\040\000t\000h\000r\000e\000e\000D\000\137\000a\000n\000i\000m\000a\000t\000i\000o\000n\000.\000p\000y}{section.5.5}% 133
\BOOKMARK [1][-]{section.5.6}{\376\377\000R\000U\000N\000\040\000K\000a\000t\000m\000a\000n\001\061\000:\000\040\000Y\000a\000p\001\061\000l\000a\000n\000d\001\061\000r\000m\000a\000\040\000v\000e\000\040\000\307\000a\000l\001\061\001\137\000t\001\061\000r\000m\000a\000\040\000A\000k\001\061\001\137\001\061}{chapter.5}% 134
\BOOKMARK [2][-]{subsection.5.6.1}{\376\377\000M\000e\000r\000k\000e\000z\000i\000\040\000Y\000a\000p\001\061\000l\000a\000n\000d\001\061\000r\000m\000a\000\040\000D\000o\000s\000y\000a\000s\001\061\000:\000\040\000c\000o\000n\000f\000i\000g\000.\000p\000y}{section.5.6}% 135
\BOOKMARK [2][-]{subsection.5.6.2}{\376\377\000A\000n\000a\000\040\000\307\000a\000l\001\061\001\137\000t\001\061\000r\000m\000a\000\040\000A\000k\001\061\001\137\001\061\000:\000\040\000m\000a\000i\000n\000.\000p\000y}{section.5.6}% 136
\BOOKMARK [2][-]{subsection.5.6.3}{\376\377\000K\000u\000l\000l\000a\000n\001\061\000c\001\061\000\040\000A\000r\000a\000y\000\374\000z\000\374\000:\000\040\000u\000i\000.\000p\000y}{section.5.6}% 137
\BOOKMARK [1][-]{section.5.7}{\376\377\000G\000e\000n\000e\000l\000\040\000Y\000a\000z\001\061\000l\001\061\000m\000\040\000M\000i\000m\000a\000r\000i\000s\000i\000\040\000v\000e\000\040\000M\000o\000d\000\374\000l\000l\000e\000r\000\040\000A\000r\000a\000s\001\061\000\040\001\060\000l\000i\001\137\000k\000i}{chapter.5}% 138
\BOOKMARK [2][-]{subsection.5.7.1}{\376\377\000K\000a\000t\000m\000a\000n\000l\001\061\000\040\000M\000i\000m\000a\000r\000i\000\040\000Y\000a\000k\000l\000a\001\137\001\061\000m\001\061}{section.5.7}% 139
\BOOKMARK [2][-]{subsection.5.7.2}{\376\377\000\307\000e\000k\000i\000r\000d\000e\000k\000\040\000D\000i\000n\000a\000m\000i\000k\000\040\000K\000a\000t\000m\000a\000n\000\040\000\050\000c\000o\000r\000e\000\051}{section.5.7}% 140
\BOOKMARK [2][-]{subsection.5.7.3}{\376\377\000Y\000a\000r\000d\001\061\000m\000c\001\061\000\040\000v\000e\000\040\000A\000l\000t\000y\000a\000p\001\061\000\040\000K\000a\000t\000m\000a\000n\001\061\000\040\000\050\000u\000t\000i\000l\000s\000\051}{section.5.7}% 141
\BOOKMARK [2][-]{subsection.5.7.4}{\376\377\000K\000o\000n\000t\000r\000o\000l\000\040\000v\000e\000\040\000O\000r\000k\000e\000s\000t\000r\000a\000s\000y\000o\000n\000\040\000K\000a\000t\000m\000a\000n\001\061}{section.5.7}% 142
\BOOKMARK [2][-]{subsection.5.7.5}{\376\377\000O\000p\000s\000i\000y\000o\000n\000e\000l\000\040\000S\000u\000n\000u\000m\000\040\000v\000e\000\040\000E\000t\000k\000i\000l\000e\001\137\000i\000m\000\040\000K\000a\000t\000m\000a\000n\001\061}{section.5.7}% 143
\BOOKMARK [2][-]{subsection.5.7.6}{\376\377\000K\000a\000t\000m\000a\000n\040\023\000M\000o\000d\000\374\000l\000\040\000S\000\366\000z\000l\000e\001\137\000m\000e\000s\000i\000\040\000\050\000\326\000z\000e\000t\000\040\000T\000a\000b\000l\000o\000\051}{section.5.7}% 144
\BOOKMARK [2][-]{subsection.5.7.7}{\376\377\000M\000o\000d\000\374\000l\000l\000e\000r\000\040\000A\000r\000a\000s\001\061\000\040\000V\000e\000r\000i\000\040\000A\000k\001\061\001\137\001\061}{section.5.7}% 145
\BOOKMARK [2][-]{subsection.5.7.8}{\376\377\000M\000i\000m\000a\000r\000i\000\040\001\060\000l\000l\000\374\000s\000t\000r\000a\000s\000y\000o\000n\000u\000\040\000\050\000T\000i\000k\000Z\000\051}{section.5.7}% 146
\BOOKMARK [2][-]{subsection.5.7.9}{\376\377\000G\000e\000n\000i\001\137\000l\000e\000t\000i\000l\000e\000b\000i\000l\000i\000r\000l\000i\000k\000\040\000v\000e\000\040\000D\000o\001\037\000r\000u\000l\000a\000n\000a\000b\000i\000l\000i\000r\000l\000i\000k}{section.5.7}% 147
\BOOKMARK [2][-]{subsection.5.7.10}{\376\377\000K\000a\000p\000a\000n\001\061\001\137\000\040\000D\000e\001\037\000e\000r\000l\000e\000n\000d\000i\000r\000m\000e\000s\000i}{section.5.7}% 148
\BOOKMARK [0][-]{chapter.6}{\376\377\000D\000o\001\037\000r\000u\000l\000a\000m\000a\000,\000\040\000G\000\374\000v\000e\000n\000i\000l\000i\000r\000l\000i\000k\000\040\000v\000e\000\040\000O\000p\000e\000r\000a\000s\000y\000o\000n\000e\000l\000\040\000K\000u\000l\000l\000a\000n\001\061\000m}{}% 149
\BOOKMARK [1][-]{section.6.1}{\376\377\000D\000o\001\037\000r\000u\000l\000a\000m\000a\000\040\000v\000e\000\040\000G\000e\000\347\000e\000r\000l\000e\000m\000e\000\040\000A\000y\000r\001\061\000m\001\061}{chapter.6}% 150
\BOOKMARK [1][-]{section.6.2}{\376\377\000K\000a\000t\000m\000a\000n\000l\001\061\000\040\000T\000e\000s\000t\000\040\000S\000t\000r\000a\000t\000e\000j\000i\000s\000i}{chapter.6}% 151
\BOOKMARK [2][-]{subsection.6.2.1}{\376\377\000B\000i\000r\000i\000m\000\040\000T\000e\000s\000t\000l\000e\000r\000i}{section.6.2}% 152
\BOOKMARK [2][-]{subsection.6.2.2}{\376\377\000M\000o\000d\000e\000l\000\040\000T\000e\000s\000t\000l\000e\000r\000i}{section.6.2}% 153
\BOOKMARK [2][-]{subsection.6.2.3}{\376\377\000E\000n\000t\000e\000g\000r\000a\000s\000y\000o\000n\000\040\000T\000e\000s\000t\000l\000e\000r\000i}{section.6.2}% 154
\BOOKMARK [2][-]{subsection.6.2.4}{\376\377\000S\000e\000n\000a\000r\000y\000o\000\040\000T\000e\000s\000t\000l\000e\000r\000i}{section.6.2}% 155
\BOOKMARK [1][-]{section.6.3}{\376\377\000H\000a\000t\000a\000\040\000B\000\374\000t\000\347\000e\000s\000i\000\040\000v\000e\000\040\000G\000\374\000v\000e\000n\000i\000l\000i\000r\000l\000i\000k\000\040\000K\000a\000y\000n\000a\000k\000l\000a\000r\001\061}{chapter.6}% 156
\BOOKMARK [1][-]{section.6.4}{\376\377\000V\000e\000r\000i\000\040\001\060\000z\000l\000e\000n\000e\000b\000i\000l\000i\000r\000l\000i\001\037\000i\000\040\000v\000e\000\040\000T\000e\000k\000r\000a\000r\000\040\000\334\000r\000e\000t\000i\000l\000e\000b\000i\000l\000i\000r\000l\000i\000k}{chapter.6}% 157
\BOOKMARK [1][-]{section.6.5}{\376\377\000S\000T\000-\000L\000R\000P\000S\000\040\001\060\000\347\000i\000n\000\040\000K\000a\000b\000u\000l\000\040\000K\000r\000i\000t\000e\000r\000l\000e\000r\000i}{chapter.6}% 158
\BOOKMARK [2][-]{subsection.6.5.1}{\376\377\000Z\000o\000r\000u\000n\000l\000u\000\040\000M\000e\000t\000a\000d\000a\000t\000a\000\040\000K\000o\000n\000t\000r\000o\000l\000l\000e\000r\000i}{section.6.5}% 159
\BOOKMARK [2][-]{subsection.6.5.2}{\376\377\000M\000e\000t\000r\000i\000k\000\040\000T\000a\000b\000a\000n\000l\001\061\000\040\000K\000a\000b\000u\000l}{section.6.5}% 160
\BOOKMARK [2][-]{subsection.6.5.3}{\376\377\000T\000r\000a\000i\000n\000i\000n\000g\000\040\000L\000o\000s\000s\000\040\000N\000e\000d\000e\000n\000\040\000T\000e\000k\000\040\000B\000a\001\137\001\061\000n\000a\000\040\000Y\000e\000t\000e\000r\000l\000i\000\040\000D\000e\001\037\000i\000l\000d\000i\000r\000?}{section.6.5}% 161
\BOOKMARK [1][-]{section.6.6}{\376\377\000M\000o\000n\000t\000e\000\040\000C\000a\000r\000l\000o\000\040\000G\000\374\000v\000e\000n\000i\000l\000i\000r\000l\000i\001\037\000i\000\040\000v\000e\000\040\000S\000e\000n\000a\000r\000y\000o\000\040\000T\000a\000s\000a\000r\001\061\000m\001\061}{chapter.6}% 162
\BOOKMARK [1][-]{section.6.7}{\376\377\000O\000p\000e\000r\000a\000s\000y\000o\000n\000e\000l\000\040\000\307\000a\000l\001\061\001\137\000t\001\061\000r\000m\000a\000\040\000P\000r\000o\000s\000e\000d\000\374\000r\000\374}{chapter.6}% 163
\BOOKMARK [1][-]{section.6.8}{\376\377\000S\001\061\000n\001\061\000r\000l\001\061\000l\001\061\000k\000l\000a\000r\000\040\000v\000e\000\040\000G\000e\000l\000e\000c\000e\000k\000\040\000G\000e\000l\000i\001\137\000t\000i\000r\000m\000e\000l\000e\000r}{chapter.6}% 164
\BOOKMARK [2][-]{subsection.6.8.1}{\376\377\000M\000e\000v\000c\000u\000t\000\040\000S\001\061\000n\001\061\000r\000l\001\061\000l\001\061\000k\000l\000a\000r}{section.6.8}% 165
\BOOKMARK [2][-]{subsection.6.8.2}{\376\377\000G\000e\000l\000e\000c\000e\000k\000\040\000G\000e\000l\000i\001\137\000t\000i\000r\000m\000e\000l\000e\000r}{section.6.8}% 166
\BOOKMARK [1][-]{section.6.9}{\376\377\000O\000p\000e\000r\000a\000s\000y\000o\000n\000e\000l\000\040\000K\000a\000b\000u\000l\000\040\000C\000h\000e\000c\000k\000l\000i\000s\000t\000'\000i}{chapter.6}% 167
\BOOKMARK [0][-]{chapter.7}{\376\377\000S\000o\000n\000u\000\347\000l\000a\000r\000\040\000v\000e\000\040\000D\000o\001\037\000r\000u\000l\000a\000m\000a}{}% 168
\BOOKMARK [1][-]{section.7.1}{\376\377\000A\000y\000\040\000Y\000e\000r\000\347\000e\000k\000i\000m\000i\000\040\000M\000o\000d\000e\000l\000i\000:\000\040\000H\000a\000r\000m\000o\000n\000i\000k\000\040\000D\000e\000r\000e\000c\000e\000n\000i\000n\000\040\000E\000t\000k\000i\000s\000i}{chapter.7}% 169
\BOOKMARK [2][-]{subsection.7.1.1}{\376\377\000K\001\061\000s\000a\000\040\000S\000\374\000r\000e\000l\000i\000\040\000D\000u\000y\000a\000r\000l\001\061\000l\001\061\000k\000:\000\040\0006\000\040\000S\000a\000a\000t\000l\000i\000k\000\040\000Y\000a\000y\001\061\000l\001\061\000m}{section.7.1}% 170
\BOOKMARK [2][-]{subsection.7.1.2}{\376\377\000U\000z\000u\000n\000\040\000S\000\374\000r\000e\000l\000i\000\040\000Y\000a\000k\001\061\000n\000s\000a\000m\000a\000:\000\040\000Y\000\366\000r\000\374\000n\000g\000e\000\040\000\326\000m\000r\000\374}{section.7.1}% 171
\BOOKMARK [2][-]{subsection.7.1.3}{\376\377\000F\000i\000z\000i\000k\000s\000e\000l\000\040\000M\000e\000k\000a\000n\000i\000z\000m\000a\000:\000\040\000B\000o\000z\000u\000n\000m\000a\000\040\000v\000e\000\040\000\307\000a\000r\000p\001\061\001\137\000m\000a\000y\000a\000\040\000G\000i\000d\000i\001\137}{section.7.1}% 172
\BOOKMARK [2][-]{subsection.7.1.4}{\376\377\000\326\000z\000e\000t}{section.7.1}% 173
\BOOKMARK [1][-]{section.7.2}{\376\377\000Y\000e\000r\000\347\000e\000k\000i\000m\000i\000\040\000M\000o\000d\000e\000l\000i\000\040\000T\000r\000u\000n\000c\000a\000t\000i\000o\000n\000\040\000H\000a\000t\000a\000s\001\061\000\040\000v\000e\000\040\000H\000i\000b\000r\000i\000t\000\040\000K\000u\000y\000r\000u\000k\000\040\000E\000k\000s\000t\000r\000a\000p\000o\000l\000a\000s\000y\000o\000n\000u}{chapter.7}% 174
\BOOKMARK [2][-]{subsection.7.2.1}{\376\377\000K\000\374\000r\000e\000s\000e\000l\000\040\000h\000a\000r\000m\000o\000n\000i\000k\000\040\000y\000e\000r\000\347\000e\000k\000i\000m\000i\000\040\000m\000o\000d\000e\000l\000i\000\040\000v\000e\000\040\000k\000e\000s\000m\000e}{section.7.2}% 175
\BOOKMARK [2][-]{subsection.7.2.2}{\376\377\000N\000o\000k\000t\000a\000s\000a\000l\000\040\040\034\000g\000e\000r\000\347\000e\000k\040\035\000\040\000t\000r\000u\000n\000c\000a\000t\000i\000o\000n\000\040\000h\000a\000t\000a\000s\001\061\000\040\000\050\000y\000\366\000n\000-\000b\000a\001\037\001\061\000m\000l\001\061\000\040\000e\000n\000\040\000k\000\366\000t\000\374\000\040\000d\000u\000r\000u\000m\000\051}{section.7.2}% 176
\BOOKMARK [2][-]{subsection.7.2.3}{\376\377\000D\000e\000r\000e\000c\000e\000\040\000g\000\374\000\347\000\040\000s\000p\000e\000k\000t\000r\000u\000m\000u\000\040\000v\000e\000\040\000a\000m\000p\000i\000r\000i\000k\000\040\000k\000a\000t\000s\000a\000y\001\061\000\040\000R\000M\000S\040\031\000i}{section.7.2}% 177
\BOOKMARK [2][-]{subsection.7.2.4}{\376\377\000K\000a\000u\000l\000a\000\040\000t\000i\000p\000i\000\040\000g\000\374\000\347\000\040\000y\000a\000s\000a\000s\001\061\000\040\000v\000e\000\040\000\374\000s\000t\000\040\000d\000e\000r\000e\000c\000e\000\040\000d\000e\000v\000a\000m\001\061}{section.7.2}% 178
\BOOKMARK [2][-]{subsection.7.2.5}{\376\377\000H\000i\000b\000r\000i\000t\000\040\000R\000M\000S\000\040\000t\000r\000u\000n\000c\000a\000t\000i\000o\000n\000\040\000h\000a\000t\000a\000\040\000m\000o\000d\000e\000l\000i}{section.7.2}% 179
\BOOKMARK [2][-]{subsection.7.2.6}{\376\377\000Y\000o\000r\000u\000m\000\040\000v\000e\000\040\000k\000u\000l\000l\000a\000n\001\061\000m\000\040\000\366\000n\000e\000r\000i\000s\000i}{section.7.2}% 180
\BOOKMARK [0][-]{section*.339}{\376\377\000K\000a\000y\000n\000a\000k\000\347\000a}{}% 181
